[    0.000000] Linux version 4.15.0-50-generic (buildd@lcy01-amd64-013) (gcc version 7.3.0 (Ubuntu 7.3.0-16ubuntu3)) #54-Ubuntu SMP Mon May 6 18:46:08 UTC 2019 (Ubuntu 4.15.0-50.54-generic 4.15.18)
[    0.000000] Command line: BOOT_IMAGE=/boot/vmlinuz-4.15.0-50-generic root=LABEL=cloudimg-rootfs ro console=tty1 console=ttyS0
[    0.000000] KERNEL supported cpus:
[    0.000000]   Intel GenuineIntel
[    0.000000]   AMD AuthenticAMD
[    0.000000]   Centaur CentaurHauls
[    0.000000] x86/fpu: Supporting XSAVE feature 0x001: 'x87 floating point registers'
[    0.000000] x86/fpu: Supporting XSAVE feature 0x002: 'SSE registers'
[    0.000000] x86/fpu: Supporting XSAVE feature 0x004: 'AVX registers'
[    0.000000] x86/fpu: xstate_offset[2]:  576, xstate_sizes[2]:  256
[    0.000000] x86/fpu: Enabled xstate features 0x7, context size is 832 bytes, using 'standard' format.
[    0.000000] e820: BIOS-provided physical RAM map:
[    0.000000] BIOS-e820: [mem 0x0000000000000000-0x000000000009fbff] usable
[    0.000000] BIOS-e820: [mem 0x000000000009fc00-0x000000000009ffff] reserved
[    0.000000] BIOS-e820: [mem 0x00000000000f0000-0x00000000000fffff] reserved
[    0.000000] BIOS-e820: [mem 0x0000000000100000-0x000000001ffeffff] usable
[    0.000000] BIOS-e820: [mem 0x000000001fff0000-0x000000001fffffff] ACPI data
[    0.000000] BIOS-e820: [mem 0x00000000fec00000-0x00000000fec00fff] reserved
[    0.000000] BIOS-e820: [mem 0x00000000fee00000-0x00000000fee00fff] reserved
[    0.000000] BIOS-e820: [mem 0x00000000fffc0000-0x00000000ffffffff] reserved
[    0.000000] NX (Execute Disable) protection: active
[    0.000000] SMBIOS 2.5 present.
[    0.000000] DMI: innotek GmbH VirtualBox/VirtualBox, BIOS VirtualBox 12/01/2006
[    0.000000] Hypervisor detected: KVM
[    0.000000] e820: last_pfn = 0x1fff0 max_arch_pfn = 0x400000000
[    0.000000] MTRR: Disabled
[    0.000000] x86/PAT: MTRRs disabled, skipping PAT initialization too.
[    0.000000] CPU MTRRs all blank - virtualized system.
[    0.000000] x86/PAT: Configuration [0-7]: WB  WT  UC- UC  WB  WT  UC- UC  
[    0.000000] found SMP MP-table at [mem 0x0009fff0-0x0009ffff] mapped at [        (ptrval)]
[    0.000000] Scanning 1 areas for low memory corruption
[    0.000000] RAMDISK: [mem 0x1dbc9000-0x1ee51fff]
[    0.000000] ACPI: Early table checksum verification disabled
[    0.000000] ACPI: RSDP 0x00000000000E0000 000024 (v02 VBOX  )
[    0.000000] ACPI: XSDT 0x000000001FFF0030 00003C (v01 VBOX   VBOXXSDT 00000001 ASL  00000061)
[    0.000000] ACPI: FACP 0x000000001FFF00F0 0000F4 (v04 VBOX   VBOXFACP 00000001 ASL  00000061)
[    0.000000] ACPI: DSDT 0x000000001FFF0470 0022EA (v02 VBOX   VBOXBIOS 00000002 INTL 20100528)
[    0.000000] ACPI: FACS 0x000000001FFF0200 000040
[    0.000000] ACPI: FACS 0x000000001FFF0200 000040
[    0.000000] ACPI: APIC 0x000000001FFF0240 00005C (v02 VBOX   VBOXAPIC 00000001 ASL  00000061)
[    0.000000] ACPI: SSDT 0x000000001FFF02A0 0001CC (v01 VBOX   VBOXCPUT 00000002 INTL 20100528)
[    0.000000] No NUMA configuration found
[    0.000000] Faking a node at [mem 0x0000000000000000-0x000000001ffeffff]
[    0.000000] NODE_DATA(0) allocated [mem 0x1ffc5000-0x1ffeffff]
[    0.000000] kvm-clock: cpu 0, msr 0:1ff44001, primary cpu clock
[    0.000000] kvm-clock: Using msrs 4b564d01 and 4b564d00
[    0.000000] kvm-clock: using sched offset of 6878130516 cycles
[    0.000000] clocksource: kvm-clock: mask: 0xffffffffffffffff max_cycles: 0x1cd42e4dffb, max_idle_ns: 881590591483 ns
[    0.000000] Zone ranges:
[    0.000000]   DMA      [mem 0x0000000000001000-0x0000000000ffffff]
[    0.000000]   DMA32    [mem 0x0000000001000000-0x000000001ffeffff]
[    0.000000]   Normal   empty
[    0.000000]   Device   empty
[    0.000000] Movable zone start for each node
[    0.000000] Early memory node ranges
[    0.000000]   node   0: [mem 0x0000000000001000-0x000000000009efff]
[    0.000000]   node   0: [mem 0x0000000000100000-0x000000001ffeffff]
[    0.000000] Reserved but unavailable: 114 pages
[    0.000000] Initmem setup node 0 [mem 0x0000000000001000-0x000000001ffeffff]
[    0.000000] ACPI: PM-Timer IO Port: 0x4008
[    0.000000] IOAPIC[0]: apic_id 2, version 32, address 0xfec00000, GSI 0-23
[    0.000000] ACPI: INT_SRC_OVR (bus 0 bus_irq 0 global_irq 2 dfl dfl)
[    0.000000] ACPI: INT_SRC_OVR (bus 0 bus_irq 9 global_irq 9 low level)
[    0.000000] Using ACPI (MADT) for SMP configuration information
[    0.000000] smpboot: Allowing 2 CPUs, 0 hotplug CPUs
[    0.000000] PM: Registered nosave memory: [mem 0x00000000-0x00000fff]
[    0.000000] PM: Registered nosave memory: [mem 0x0009f000-0x0009ffff]
[    0.000000] PM: Registered nosave memory: [mem 0x000a0000-0x000effff]
[    0.000000] PM: Registered nosave memory: [mem 0x000f0000-0x000fffff]
[    0.000000] e820: [mem 0x20000000-0xfebfffff] available for PCI devices
[    0.000000] Booting paravirtualized kernel on KVM
[    0.000000] clocksource: refined-jiffies: mask: 0xffffffff max_cycles: 0xffffffff, max_idle_ns: 7645519600211568 ns
[    0.000000] random: get_random_bytes called from start_kernel+0x99/0x4fd with crng_init=0
[    0.000000] setup_percpu: NR_CPUS:8192 nr_cpumask_bits:2 nr_cpu_ids:2 nr_node_ids:1
[    0.000000] percpu: Embedded 46 pages/cpu @        (ptrval) s151552 r8192 d28672 u1048576
[    0.000000] PV qspinlock hash table entries: 256 (order: 0, 4096 bytes)
[    0.000000] Built 1 zonelists, mobility grouping on.  Total pages: 128889
[    0.000000] Policy zone: DMA32
[    0.000000] Kernel command line: BOOT_IMAGE=/boot/vmlinuz-4.15.0-50-generic root=LABEL=cloudimg-rootfs ro console=tty1 console=ttyS0
[    0.000000] Memory: 467500K/523832K available (12300K kernel code, 2474K rwdata, 4276K rodata, 2412K init, 2416K bss, 56332K reserved, 0K cma-reserved)
[    0.000000] SLUB: HWalign=64, Order=0-3, MinObjects=0, CPUs=2, Nodes=1
[    0.000000] Kernel/User page tables isolation: enabled
[    0.000000] ftrace: allocating 39233 entries in 154 pages
[    0.004000] Hierarchical RCU implementation.
[    0.004000] 	RCU restricting CPUs from NR_CPUS=8192 to nr_cpu_ids=2.
[    0.004000] 	Tasks RCU enabled.
[    0.004000] RCU: Adjusting geometry for rcu_fanout_leaf=16, nr_cpu_ids=2
[    0.004000] NR_IRQS: 524544, nr_irqs: 440, preallocated irqs: 16
[    0.004000] Console: colour VGA+ 80x25
[    0.004000] console [tty1] enabled
[    0.004000] console [ttyS0] enabled
[    0.004000] ACPI: Core revision 20170831
[    0.004000] ACPI: 2 ACPI AML tables successfully acquired and loaded
[    0.004000] APIC: Switch to symmetric I/O mode setup
[    0.004000] x2apic enabled
[    0.004012] Switched APIC routing to physical x2apic.
[    0.009567] ..TIMER: vector=0x30 apic1=0 pin1=2 apic2=-1 pin2=-1
[    0.012011] tsc: Detected 2592.000 MHz processor
[    0.013871] Calibrating delay loop (skipped) preset value.. 5184.00 BogoMIPS (lpj=10368000)
[    0.016008] pid_max: default: 32768 minimum: 301
[    0.017999] Security Framework initialized
[    0.020007] Yama: becoming mindful.
[    0.024066] AppArmor: AppArmor initialized
[    0.026274] Dentry cache hash table entries: 65536 (order: 7, 524288 bytes)
[    0.028070] Inode-cache hash table entries: 32768 (order: 6, 262144 bytes)
[    0.030750] Mount-cache hash table entries: 1024 (order: 1, 8192 bytes)
[    0.032012] Mountpoint-cache hash table entries: 1024 (order: 1, 8192 bytes)
[    0.036616] mce: CPU supports 0 MCE banks
[    0.040048] Last level iTLB entries: 4KB 64, 2MB 8, 4MB 8
[    0.042629] Last level dTLB entries: 4KB 64, 2MB 0, 4MB 0, 1GB 4
[    0.044007] Spectre V2 : Mitigation: Full generic retpoline
[    0.046271] Spectre V2 : Spectre v2 / SpectreRSB mitigation: Filling RSB on context switch
[    0.048005] Speculative Store Bypass: Vulnerable
[    0.052111] MDS: Vulnerable: Clear CPU buffers attempted, no microcode
[    0.055007] Freeing SMP alternatives memory: 36K
[    0.064000] APIC calibration not consistent with PM-Timer: 98ms instead of 100ms
[    0.064000] APIC delta adjusted to PM-Timer: 6244062 (6159251)
[    0.064183] smpboot: CPU0: Intel(R) Core(TM) i7-6500U CPU @ 2.50GHz (family: 0x6, model: 0x4e, stepping: 0x3)
[    0.068142] Performance Events: unsupported p6 CPU model 78 no PMU driver, software events only.
[    0.072113] Hierarchical SRCU implementation.
[    0.076146] NMI watchdog: Perf event create on CPU 0 failed with -2
[    0.078645] NMI watchdog: Perf NMI watchdog permanently disabled
[    0.080119] smp: Bringing up secondary CPUs ...
[    0.084170] x86: Booting SMP configuration:
[    0.086013] .... node  #0, CPUs:      #1
[    0.004000] kvm-clock: cpu 1, msr 0:1ff44041, secondary cpu clock
[    0.004000] mce: CPU supports 0 MCE banks
[    0.094043] smp: Brought up 1 node, 2 CPUs
[    0.094043] smpboot: Max logical packages: 1
[    0.096018] smpboot: Total of 2 processors activated (10368.00 BogoMIPS)
[    0.100230] devtmpfs: initialized
[    0.101527] x86/mm: Memory block size: 128MB
[    0.104250] evm: security.selinux
[    0.105788] evm: security.SMACK64
[    0.108008] evm: security.SMACK64EXEC
[    0.109560] evm: security.SMACK64TRANSMUTE
[    0.111322] evm: security.SMACK64MMAP
[    0.112005] evm: security.apparmor
[    0.113527] evm: security.ima
[    0.116006] evm: security.capability
[    0.117619] clocksource: jiffies: mask: 0xffffffff max_cycles: 0xffffffff, max_idle_ns: 7645041785100000 ns
[    0.120037] futex hash table entries: 512 (order: 3, 32768 bytes)
[    0.124094] pinctrl core: initialized pinctrl subsystem
[    0.126577] RTC time: 11:46:24, date: 06/04/19
[    0.128249] NET: Registered protocol family 16
[    0.130378] audit: initializing netlink subsys (disabled)
[    0.132058] audit: type=2000 audit(1559648792.748:1): state=initialized audit_enabled=0 res=1
[    0.136020] cpuidle: using governor ladder
[    0.137890] cpuidle: using governor menu
[    0.140079] ACPI: bus type PCI registered
[    0.141846] acpiphp: ACPI Hot Plug PCI Controller Driver version: 0.5
[    0.144243] PCI: Using configuration type 1 for base access
[    0.152271] HugeTLB registered 2.00 MiB page size, pre-allocated 0 pages
[    0.156253] ACPI: Added _OSI(Module Device)
[    0.159371] ACPI: Added _OSI(Processor Device)
[    0.160031] ACPI: Added _OSI(3.0 _SCP Extensions)
[    0.164027] ACPI: Added _OSI(Processor Aggregator Device)
[    0.168015] ACPI: Added _OSI(Linux-Dell-Video)
[    0.172009] ACPI: Added _OSI(Linux-Lenovo-NV-HDMI-Audio)
[    0.176009] ACPI: Added _OSI(Linux-HPI-Hybrid-Graphics)
[    0.181216] ACPI: Executed 1 blocks of module-level executable AML code
[    0.200071] ACPI: Interpreter enabled
[    0.202996] ACPI: (supports S0 S5)
[    0.204009] ACPI: Using IOAPIC for interrupt routing
[    0.208708] PCI: Using host bridge windows from ACPI; if necessary, use "pci=nocrs" and report a bug
[    0.216414] ACPI: Enabled 2 GPEs in block 00 to 07
[    0.241265] ACPI: PCI Root Bridge [PCI0] (domain 0000 [bus 00-ff])
[    0.244033] acpi PNP0A03:00: _OSC: OS supports [ASPM ClockPM Segments MSI]
[    0.249389] acpi PNP0A03:00: _OSC: not requesting OS control; OS requires [ExtendedConfig ASPM ClockPM MSI]
[    0.252077] acpi PNP0A03:00: fail to add MMCONFIG information, can't access extended PCI configuration space under this bridge.
[    0.257272] PCI host bridge to bus 0000:00
[    0.260014] pci_bus 0000:00: root bus resource [io  0x0000-0x0cf7 window]
[    0.264018] pci_bus 0000:00: root bus resource [io  0x0d00-0xffff window]
[    0.268017] pci_bus 0000:00: root bus resource [mem 0x000a0000-0x000bffff window]
[    0.272009] pci_bus 0000:00: root bus resource [mem 0x20000000-0xfdffffff window]
[    0.276016] pci_bus 0000:00: root bus resource [bus 00-ff]
[    0.289653] pci 0000:00:01.1: legacy IDE quirk: reg 0x10: [io  0x01f0-0x01f7]
[    0.292010] pci 0000:00:01.1: legacy IDE quirk: reg 0x14: [io  0x03f6]
[    0.296009] pci 0000:00:01.1: legacy IDE quirk: reg 0x18: [io  0x0170-0x0177]
[    0.300012] pci 0000:00:01.1: legacy IDE quirk: reg 0x1c: [io  0x0376]
[    0.333488] pci 0000:00:07.0: quirk: [io  0x4000-0x403f] claimed by PIIX4 ACPI
[    0.336063] pci 0000:00:07.0: quirk: [io  0x4100-0x410f] claimed by PIIX4 SMB
[    0.360161] ACPI: PCI Interrupt Link [LNKA] (IRQs 5 9 10 *11)
[    0.364025] ACPI: PCI Interrupt Link [LNKB] (IRQs 5 9 *10 11)
[    0.366762] ACPI: PCI Interrupt Link [LNKC] (IRQs 5 *9 10 11)
[    0.368397] ACPI: PCI Interrupt Link [LNKD] (IRQs 5 9 10 *11)
[    0.372758] SCSI subsystem initialized
[    0.374520] pci 0000:00:02.0: vgaarb: setting as boot VGA device
[    0.374780] pci 0000:00:02.0: vgaarb: VGA device added: decodes=io+mem,owns=io+mem,locks=none
[    0.376014] pci 0000:00:02.0: vgaarb: bridge control possible
[    0.378393] vgaarb: loaded
[    0.380075] ACPI: bus type USB registered
[    0.381919] usbcore: registered new interface driver usbfs
[    0.384108] usbcore: registered new interface driver hub
[    0.388048] usbcore: registered new device driver usb
[    0.390205] EDAC MC: Ver: 3.0.0
[    0.392535] PCI: Using ACPI for IRQ routing
[    0.394524] NetLabel: Initializing
[    0.396006] NetLabel:  domain hash size = 128
[    0.397906] NetLabel:  protocols = UNLABELED CIPSOv4 CALIPSO
[    0.400037] NetLabel:  unlabeled traffic allowed by default
[    0.402448] clocksource: Switched to clocksource kvm-clock
[    0.438386] VFS: Disk quotas dquot_6.6.0
[    0.440205] VFS: Dquot-cache hash table entries: 512 (order 0, 4096 bytes)
[    0.443185] AppArmor: AppArmor Filesystem Enabled
[    0.446287] pnp: PnP ACPI init
[    0.451260] pnp: PnP ACPI: found 3 devices
[    0.469410] clocksource: acpi_pm: mask: 0xffffff max_cycles: 0xffffff, max_idle_ns: 2085701024 ns
[    0.473048] NET: Registered protocol family 2
[    0.475275] TCP established hash table entries: 4096 (order: 3, 32768 bytes)
[    0.478674] TCP bind hash table entries: 4096 (order: 4, 65536 bytes)
[    0.481265] TCP: Hash tables configured (established 4096 bind 4096)
[    0.483785] UDP hash table entries: 256 (order: 1, 8192 bytes)
[    0.486182] UDP-Lite hash table entries: 256 (order: 1, 8192 bytes)
[    0.488941] NET: Registered protocol family 1
[    0.490748] pci 0000:00:00.0: Limiting direct PCI/PCI transfers
[    0.493249] pci 0000:00:01.0: Activating ISA DMA hang workarounds
[    0.495857] pci 0000:00:02.0: Video device with shadowed ROM at [mem 0x000c0000-0x000dffff]
[    0.499541] Unpacking initramfs...
[    1.299950] Freeing initrd memory: 18980K
[    1.301914] clocksource: tsc: mask: 0xffffffffffffffff max_cycles: 0x255cb6cc5db, max_idle_ns: 440795203504 ns
[    1.306142] platform rtc_cmos: registered platform RTC device (no PNP device found)
[    1.309407] Scanning for low memory corruption every 60 seconds
[    1.314855] Initialise system trusted keyrings
[    1.317630] Key type blacklist registered
[    1.319476] workingset: timestamp_bits=36 max_order=17 bucket_order=0
[    1.325123] zbud: loaded
[    1.330742] squashfs: version 4.0 (2009/01/31) Phillip Lougher
[    1.336324] fuse init (API version 7.26)
[    1.359114] Key type asymmetric registered
[    1.363972] Asymmetric key parser 'x509' registered
[    1.367999] Block layer SCSI generic (bsg) driver version 0.4 loaded (major 246)
[    1.373873] io scheduler noop registered
[    1.376492] io scheduler deadline registered
[    1.380189] io scheduler cfq registered (default)
[    1.383979] ACPI: AC Adapter [AC] (on-line)
[    1.388783] input: Power Button as /devices/LNXSYSTM:00/LNXPWRBN:00/input/input0
[    1.395424] ACPI: Power Button [PWRF]
[    1.398684] input: Sleep Button as /devices/LNXSYSTM:00/LNXSLPBN:00/input/input1
[    1.404221] ACPI: Sleep Button [SLPF]
[    1.408408] Serial: 8250/16550 driver, 32 ports, IRQ sharing enabled
[    1.411545] ACPI: Battery Slot [BAT0] (battery present)
[    1.437417] 00:02: ttyS0 at I/O 0x3f8 (irq = 4, base_baud = 115200) is a 16550A
[    1.447620] Linux agpgart interface v0.103
[    1.455109] loop: module loaded
[    1.458838] scsi host0: ata_piix
[    1.465140] scsi host1: ata_piix
[    1.468909] ata1: PATA max UDMA/33 cmd 0x1f0 ctl 0x3f6 bmdma 0xd000 irq 14
[    1.474451] ata2: PATA max UDMA/33 cmd 0x170 ctl 0x376 bmdma 0xd008 irq 15
[    1.481281] libphy: Fixed MDIO Bus: probed
[    1.484005] tun: Universal TUN/TAP device driver, 1.6
[    1.487385] PPP generic driver version 2.4.2
[    1.490996] ehci_hcd: USB 2.0 'Enhanced' Host Controller (EHCI) Driver
[    1.494822] ehci-pci: EHCI PCI platform driver
[    1.497496] ehci-platform: EHCI generic platform driver
[    1.500416] ohci_hcd: USB 1.1 'Open' Host Controller (OHCI) Driver
[    1.505896] ohci-pci: OHCI PCI platform driver
[    1.508895] ohci-platform: OHCI generic platform driver
[    1.511468] uhci_hcd: USB Universal Host Controller Interface driver
[    1.515699] i8042: PNP: PS/2 Controller [PNP0303:PS2K,PNP0f03:PS2M] at 0x60,0x64 irq 1,12
[    1.522651] serio: i8042 KBD port at 0x60,0x64 irq 1
[    1.525643] serio: i8042 AUX port at 0x60,0x64 irq 12
[    1.528709] mousedev: PS/2 mouse device common for all mice
[    1.534130] rtc_cmos rtc_cmos: rtc core: registered rtc_cmos as rtc0
[    1.538527] input: AT Translated Set 2 keyboard as /devices/platform/i8042/serio0/input/input2
[    1.540308] rtc_cmos rtc_cmos: alarms up to one day, 114 bytes nvram
[    1.540338] i2c /dev entries driver
[    1.540357] pcie_mp2_amd: AMD(R) PCI-E MP2 Communication Driver Version: 1.0
[    1.540606] device-mapper: uevent: version 1.0.3
[    1.543894] device-mapper: ioctl: 4.37.0-ioctl (2017-09-20) initialised: dm-devel@redhat.com
[    1.566522] ledtrig-cpu: registered to indicate activity on CPUs
[    1.570744] NET: Registered protocol family 10
[    1.584612] Segment Routing with IPv6
[    1.586781] NET: Registered protocol family 17
[    1.591054] Key type dns_resolver registered
[    1.596370] RAS: Correctable Errors collector initialized.
[    1.599862] sched_clock: Marking stable (1596239006, 0)->(2186257574, -590018568)
[    1.609559] registered taskstats version 1
[    1.614003] Loading compiled-in X.509 certificates
[    1.624198] Loaded X.509 cert 'Build time autogenerated kernel key: 0d5cb4b7de8533fd8e7240d711ae9d354ea3dca1'
[    1.632390] zswap: loaded using pool lzo/zbud
[    1.645928] Key type big_key registered
[    1.648257] Key type trusted registered
[    1.656331] Key type encrypted registered
[    1.658047] AppArmor: AppArmor sha1 policy hashing enabled
[    1.661415] ima: No TPM chip found, activating TPM-bypass! (rc=-19)
[    1.665144] ima: Allocated hash algorithm: sha1
[    1.667742] evm: HMAC attrs: 0x1
[    1.670820]   Magic number: 7:700:781
[    1.673326] rtc_cmos rtc_cmos: setting system clock to 2019-06-04 11:46:26 UTC (1559648786)
[    1.679367] BIOS EDD facility v0.16 2004-Jun-25, 0 devices found
[    1.681882] EDD information not available.
[    1.688551] Freeing unused kernel image memory: 2412K
[    1.704660] Write protecting the kernel read-only data: 20480k
[    1.708134] Freeing unused kernel image memory: 2008K
[    1.711011] Freeing unused kernel image memory: 1868K
[    1.731014] x86/mm: Checked W+X mappings: passed, no W+X pages found.
[    1.733593] x86/mm: Checking user space page tables
[    1.753971] x86/mm: Checked W+X mappings: passed, no W+X pages found.
Loading, please wait...
starting version 237
[    1.986395] Fusion MPT base driver 3.04.20
[    1.988431] Copyright (c) 1999-2008 LSI Corporation
[    1.996881] e1000: Intel(R) PRO/1000 Network Driver - version 7.3.21-k8-NAPI
[    2.001213] e1000: Copyright (c) 1999-2006 Intel Corporation.
[    2.019919] AVX2 version of gcm_enc/dec engaged.
[    2.022209] AES CTR mode by8 optimization enabled
[    2.037332] Fusion MPT SPI Host driver 3.04.20
[    2.203300] input: ImExPS/2 Generic Explorer Mouse as /devices/platform/i8042/serio1/input/input4
[    2.603195] e1000 0000:00:03.0 eth0: (PCI:33MHz:32-bit) 02:89:59:7e:34:d3
[    2.606394] e1000 0000:00:03.0 eth0: Intel(R) PRO/1000 Network Connection
[    3.184817] e1000 0000:00:08.0 eth1: (PCI:33MHz:32-bit) 08:00:27:0b:6e:34
[    3.187706] e1000 0000:00:08.0 eth1: Intel(R) PRO/1000 Network Connection
[    3.193428] e1000 0000:00:03.0 enp0s3: renamed from eth0
[    3.196367] mptbase: ioc0: Initiating bringup
[    3.210207] e1000 0000:00:08.0 enp0s8: renamed from eth1
[    3.292606] ioc0: LSI53C1030 A0: Capabilities={Initiator}
[    3.539115] scsi host2: ioc0: LSI53C1030 A0, FwRev=00000000h, Ports=1, MaxQ=256, IRQ=20
[    3.710419] scsi 2:0:0:0: Direct-Access     VBOX     HARDDISK         1.0  PQ: 0 ANSI: 5
[    3.744720] scsi target2:0:0: Beginning Domain Validation
[    3.760439] scsi target2:0:0: Domain Validation skipping write tests
[    3.763575] scsi target2:0:0: Ending Domain Validation
[    3.766101] scsi target2:0:0: asynchronous
[    3.769894] scsi 2:0:1:0: Direct-Access     VBOX     HARDDISK         1.0  PQ: 0 ANSI: 5
[    3.804481] scsi target2:0:1: Beginning Domain Validation
[    3.809234] random: fast init done
[    3.814364] scsi target2:0:1: Domain Validation skipping write tests
[    3.817003] scsi target2:0:1: Ending Domain Validation
[    3.819402] scsi target2:0:1: asynchronous
[    3.834677] random: systemd-udevd: uninitialized urandom read (16 bytes read)
[    3.837651] random: systemd-udevd: uninitialized urandom read (16 bytes read)
[    3.840523] random: systemd-udevd: uninitialized urandom read (16 bytes read)
[    3.843855] sd 2:0:0:0: Attached scsi generic sg0 type 0
[    3.848180] sd 2:0:0:0: [sda] 20971520 512-byte logical blocks: (10.7 GB/10.0 GiB)
[    3.851593] sd 2:0:0:0: [sda] Write Protect is off
[    3.854464] sd 2:0:0:0: [sda] Incomplete mode parameter data
[    3.856949] sd 2:0:0:0: [sda] Assuming drive cache: write through
[    3.863143] sd 2:0:1:0: [sdb] 20480 512-byte logical blocks: (10.5 MB/10.0 MiB)
[    3.866906] sd 2:0:1:0: [sdb] Write Protect is off
[    3.869701] sd 2:0:1:0: Attached scsi generic sg1 type 0
[    3.872794] sd 2:0:1:0: [sdb] Incomplete mode parameter data
[    3.875113] sd 2:0:1:0: [sdb] Assuming drive cache: write through
[    3.905945]  sda: sda1
[    3.909214] sd 2:0:0:0: [sda] Attached SCSI disk
[    3.913485] sd 2:0:1:0: [sdb] Attached SCSI disk
Begin: Loading essential drivers ... [    6.328583] raid6: sse2x1   gen()  4829 MB/s
[    6.376049] raid6: sse2x1   xor()  3147 MB/s
[    6.425088] raid6: sse2x2   gen()  6129 MB/s
[    6.472079] raid6: sse2x2   xor()  2681 MB/s
[    6.520343] raid6: sse2x4   gen()  4431 MB/s
[    6.568217] raid6: sse2x4   xor()  3317 MB/s
[    6.616042] raid6: avx2x1   gen()  8064 MB/s
[    6.664864] raid6: avx2x1   xor()  5130 MB/s
[    6.712659] raid6: avx2x2   gen() 11387 MB/s
[    6.760713] raid6: avx2x2   xor()  7063 MB/s
[    6.808303] raid6: avx2x4   gen() 13205 MB/s
[    6.856135] raid6: avx2x4   xor()  8277 MB/s
[    6.858143] raid6: using algorithm avx2x4 gen() 13205 MB/s
[    6.861687] raid6: .... xor() 8277 MB/s, rmw enabled
[    6.863669] raid6: using avx2x2 recovery algorithm
[    6.868258] xor: automatically using best checksumming function   avx       
[    6.874849] async_tx: api initialized (async)
done.
Begin: Running /scripts/init-premount ... done.
Begin: Mounting root file system ... Begin: Running /scripts/local-top ... done.
Begin: Running /scripts/local-premount ... [    6.982666] Btrfs loaded, crc32c=crc32c-intel
Scanning for Btrfs filesystems
done.
Warning: fsck not present, so skipping root file system
[    7.052528] EXT4-fs (sda1): mounted filesystem with ordered data mode. Opts: (null)
done.
Begin: Running /scripts/local-bottom ... done.
Begin: Running /scripts/init-bottom ... done.
[    7.335255] ip_tables: (C) 2000-2006 Netfilter Core Team
[    7.352800] systemd[1]: systemd 237 running in system mode. (+PAM +AUDIT +SELINUX +IMA +APPARMOR +SMACK +SYSVINIT +UTMP +LIBCRYPTSETUP +GCRYPT +GNUTLS +ACL +XZ +LZ4 +SECCOMP +BLKID +ELFUTILS +KMOD -IDN2 +IDN -PCRE2 default-hierarchy=hybrid)
[    7.362268] systemd[1]: Detected virtualization oracle.
[    7.364497] systemd[1]: Detected architecture x86-64.

Welcome to [1mUbuntu 18.04.2 LTS[0m!

[    7.376372] systemd[1]: Set hostname to <ubuntu>.
[    7.382499] systemd[1]: Initializing machine ID from random generator.
[    7.385347] systemd[1]: Installed transient /etc/machine-id file.
[    7.804205] systemd[1]: Reached target System Time Synchronized.
[[0;32m  OK  [0m] Reached target System Time Synchronized.
[    7.809954] systemd[1]: Reached target Swap.
[[0;32m  OK  [0m] Reached target Swap.
[    7.818456] systemd[1]: Created slice System Slice.
[[0;32m  OK  [0m] Created slice System Slice.
[    7.823289] systemd[1]: Listening on Syslog Socket.
[[0;32m  OK  [0m] Listening on Syslog Socket.
[[0;32m  OK  [0m] Listening on LVM2 metadata daemon socket.
[[0;32m  OK  [0m] Set up automount Arbitrary Executab…rmats File System Automount Point.
[[0;32m  OK  [0m] Listening on LVM2 poll daemon socket.
[[0;32m  OK  [0m] Listening on Journal Socket (/dev/log).
[[0;32m  OK  [0m] Listening on udev Kernel Socket.
[[0;32m  OK  [0m] Created slice User and Session Slice.
[[0;32m  OK  [0m] Reached target Slices.
[[0;32m  OK  [0m] Listening on /dev/initctl Compatibility Named Pipe.
[[0;32m  OK  [0m] Started Forward Password Requests to Wall Directory Watch.
[[0;32m  OK  [0m] Listening on Journal Socket.
         Mounting Huge Pages File System...
         Starting Create list of required st…ce nodes for the current kernel...
         Starting Set the console keyboard layout...
         Mounting Kernel Debug File System...
         Starting Load Kernel Modules...
         Starting Uncomplicated firewall...
         Starting Remount Root and Kernel File Systems...
         Mounting POSIX Message Queue File System...
[[0;32m  OK  [0m] Listening on Network Service Netlink Socket.
[[0;32m  OK  [0m] Listening on Device-mapper event daemon FIFOs.
         Starting Monitoring of LVM2 mirrors…ng dmeventd or progress polling...
[[0;32m  OK  [0m] Listening on udev Control Socket.
         Starting udev Coldplug all Devices...
[[0;32m  OK  [0m] Listening on Journal Audit Socket.
[[0;32m  OK  [0m] Reached target User and Group Name Lookups.
         Starting Journal Service...
[    8.057785] Loading iSCSI transport class v2.0-870.
[[0;32m  OK  [0m] Created slice system-serial\x2dgetty.slice.
[[0;32m  OK  [0m] Started Create list of required sta…vice nodes for the current kernel.
[[0;32m  OK  [0m] Started Uncomplicated firewall.
         Starting Create Static Device Nodes in /dev...
[    8.182132] iscsi: registered transport (tcp)
[[0;32m  OK  [0m] Started Journal Service.
[[0;32m  OK  [0m] Started Create Static Device Nodes in /dev.
[[0;32m  OK  [0m] Mounted Huge Pages File System.
[[0;32m  OK  [0m] Mounted Kernel Debug File System.
[[0;32m  OK  [0m] Mounted POSIX Message Queue File System.
[[0;32m  OK  [0m] Started udev Coldplug all Devices.
[[0;32m  OK  [0m] Started LVM2 metadata daemon.
[    8.302633] EXT4-fs (sda1): re-mounted. Opts: (null)
[[0;32m  OK  [0m] Started Remount Root and Kernel File Systems.
         Starting Flush Journal to Persistent Storage...
         Starting udev Kernel Device Manager...
         Starting Load/Save Random Seed...
[    8.354828] systemd-journald[408]: Received request to flush runtime journal from PID 1
[[0;32m  OK  [0m] Started Monitoring of LVM2 mirrors,…sing dmeventd or progress polling.
[[0;32m  OK  [0m] Started udev Kernel Device Manager.
[[0;32m  OK  [0m] Started Load/Save Random Seed.
[    8.476104] iscsi: registered transport (iser)
[[0;32m  OK  [0m] Started Load Kernel Modules.
         Mounting Kernel Configuration File System...
         Starting Apply Kernel Variables...
         Mounting FUSE Control File System...
[[0;32m  OK  [0m] Started Flush Journal to Persistent Storage.
[[0;32m  OK  [0m] Mounted Kernel Configuration File System.
[[0;32m  OK  [0m] Mounted FUSE Control File System.
[[0;32m  OK  [0m] Started Apply Kernel Variables.
[[0;32m  OK  [0m] Found device /dev/ttyS0.
[[0;32m  OK  [0m] Listening on Load/Save RF Kill Switch Status /dev/rfkill Watch.
[[0;32m  OK  [0m] Started Set the console keyboard layout.
[[0;32m  OK  [0m] Reached target Local File Systems (Pre).
[[0;32m  OK  [0m] Reached target Local File Systems.
         Starting Commit a transient machine-id on disk...
         Starting AppArmor initialization...
         Starting Set console font and keymap...
         Starting Create Volatile Files and Directories...
         Starting ebtables ruleset management...
         Starting Tell Plymouth To Write Out Runtime Data...
[[0;32m  OK  [0m] Started Dispatch Password Requests to Console Directory Watch.
[[0;32m  OK  [0m] Reached target Local Encrypted Volumes.
[[0;32m  OK  [0m] Started Set console font and keymap.
[[0;32m  OK  [0m] Started Tell Plymouth To Write Out Runtime Data.
[[0;32m  OK  [0m] Started Create Volatile Files and Directories.
         Starting Update UTMP about System Boot/Shutdown...
[[0;32m  OK  [0m] Started Commit a transient machine-id on disk.
[[0;32m  OK  [0m] Started Update UTMP about System Boot/Shutdown.
[[0;32m  OK  [0m] Started ebtables ruleset management.
[[0;32m  OK  [0m] Started AppArmor initialization.
         Starting Initial cloud-init job (pre-networking)...
[   17.158459] cloud-init[593]: Cloud-init v. 19.1-1-gbaa47854-0ubuntu1~18.04.1 running 'init-local' at Tue, 04 Jun 2019 11:46:40 +0000. Up 15.94 seconds.
[[0;32m  OK  [0m] Started Initial cloud-init job (pre-networking).
[[0;32m  OK  [0m] Reached target Network (Pre).
         Starting Network Service...
[[0;32m  OK  [0m] Started Network Service.
         Starting Network Name Resolution...
         Starting Wait for Network to be Configured...
[[0;32m  OK  [0m] Started Network Name Resolution.
[[0;32m  OK  [0m] Reached target Network.
[[0;32m  OK  [0m] Reached target Host and Network Name Lookups.
[[0;32m  OK  [0m] Started Wait for Network to be Configured.
         Starting Initial cloud-init job (metadata service crawler)...
[   20.851974] cloud-init[708]: Cloud-init v. 19.1-1-gbaa47854-0ubuntu1~18.04.1 running 'init' at Tue, 04 Jun 2019 11:46:45 +0000. Up 20.33 seconds.
[   20.858282] cloud-init[708]: ci-info: ++++++++++++++++++++++++++++++++++++++Net device info+++++++++++++++++++++++++++++++++++++++
[   20.861316] cloud-init[708]: ci-info: +--------+-------+----------------------------+---------------+--------+-------------------+
[   20.872966] cloud-init[708]: ci-info: | Device |   Up  |          Address           |      Mask     | Scope  |     Hw-Address    |
[   20.876390] cloud-init[708]: ci-info: +--------+-------+----------------------------+---------------+--------+-------------------+
[   20.878827] cloud-init[708]: ci-info: | enp0s3 |  True |         10.0.2.15          | 255.255.255.0 | global | 02:89:59:7e:34:d3 |
[   20.881969] cloud-init[708]: ci-info: | enp0s3 |  True | fe80::89:59ff:fe7e:34d3/64 |       .       |  link  | 02:89:59:7e:34:d3 |
[   20.884526] cloud-init[708]: ci-info: | enp0s8 | False |             .              |       .       |   .    | 08:00:27:0b:6e:34 |
[   20.887787] cloud-init[708]: ci-info: |   lo   |  True |         127.0.0.1          |   255.0.0.0   |  host  |         .         |
[   20.890618] cloud-init[708]: ci-info: |   lo   |  True |          ::1/128           |       .       |  host  |         .         |
[   20.894620] cloud-init[708]: ci-info: +--------+-------+----------------------------+---------------+--------+-------------------+
[   20.899147] cloud-init[708]: ci-info: ++++++++++++++++++++++++++++Route IPv4 info+++++++++++++++++++++++++++++
[   20.903298] cloud-init[708]: ci-info: +-------+-------------+----------+-----------------+-----------+-------+
[   20.907170] cloud-init[708]: ci-info: | Route | Destination | Gateway  |     Genmask     | Interface | Flags |
[   20.914479] cloud-init[708]: ci-info: +-------+-------------+----------+-----------------+-----------+-------+
[   20.918097] cloud-init[708]: ci-info: |   0   |   0.0.0.0   | 10.0.2.2 |     0.0.0.0     |   enp0s3  |   UG  |
[   20.920768] cloud-init[708]: ci-info: |   1   |   10.0.2.0  | 0.0.0.0  |  255.255.255.0  |   enp0s3  |   U   |
[   20.924123] cloud-init[708]: ci-info: |   2   |   10.0.2.2  | 0.0.0.0  | 255.255.255.255 |   enp0s3  |   UH  |
[   20.936533] cloud-init[708]: ci-info: +-------+-------------+----------+-----------------+-----------+-------+
[   20.952980] cloud-init[708]: ci-info: +++++++++++++++++++Route IPv6 info+++++++++++++++++++
[   20.964690] cloud-init[708]: ci-info: +-------+-------------+---------+-----------+-------+
[   20.967433] cloud-init[708]: ci-info: | Route | Destination | Gateway | Interface | Flags |
[   20.970425] cloud-init[708]: ci-info: +-------+-------------+---------+-----------+-------+
[   20.975820] cloud-init[708]: ci-info: |   1   |  fe80::/64  |    ::   |   enp0s3  |   U   |
[   20.978103] cloud-init[708]: ci-info: |   3   |    local    |    ::   |   enp0s3  |   U   |
[   20.980001] cloud-init[708]: ci-info: |   4   |   ff00::/8  |    ::   |   enp0s3  |   U   |
[   20.992495] cloud-init[708]: ci-info: +-------+-------------+---------+-----------+-------+
[   22.184041] cloud-init[708]: Generating public/private rsa key pair.
[   22.185855] cloud-init[708]: Your identification has been saved in /etc/ssh/ssh_host_rsa_key.
[   22.188024] cloud-init[708]: Your public key has been saved in /etc/ssh/ssh_host_rsa_key.pub.
[   22.191587] cloud-init[708]: The key fingerprint is:
[   22.194133] cloud-init[708]: SHA256:XbyYfnfc4nm+AAvsK1uB/WYsVA6kg+ufQKJaKN7ziJg root@ubuntu-bionic
[   22.197716] cloud-init[708]: The key's randomart image is:
[   22.209186] cloud-init[708]: +---[RSA 2048]----+
[   22.210797] cloud-init[708]: |         .       |
[   22.212035] cloud-init[708]: |      . o  .     |
[   22.213388] cloud-init[708]: |     . o . .o    |
[   22.215601] cloud-init[708]: |      . =.++ .   |
[   22.218056] cloud-init[708]: |   . o .S*+o.    |
[   22.219849] cloud-init[708]: | .. +   o.= o  ..|
[   22.222057] cloud-init[708]: |o..  o   +.*..o +|
[   22.223941] cloud-init[708]: |=oo.. o.o =. o.+.|
[   22.226407] cloud-init[708]: |Eo oo. +o.    o+o|
[   22.228656] cloud-init[708]: +----[SHA256]-----+
[   22.230823] cloud-init[708]: Generating public/private dsa key pair.
[   22.233489] cloud-init[708]: Your identification has been saved in /etc/ssh/ssh_host_dsa_key.
[   22.244308] cloud-init[708]: Your public key has been saved in /etc/ssh/ssh_host_dsa_key.pub.
[   22.246076] cloud-init[708]: The key fingerprint is:
[   22.248501] cloud-init[708]: SHA256:k5/eCSUPP3raDQ3EgZfCv9VtRLBPgiwh4UMYb2taXXI root@ubuntu-bionic
[   22.252058] cloud-init[708]: The key's randomart image is:
[   22.254304] cloud-init[708]: +---[DSA 1024]----+
[   22.257938] cloud-init[708]: |      .o+o.....o.|
[   22.260317] cloud-init[708]: |      .+ .++oo ..|
[   22.262296] cloud-init[708]: |        = o+E ooo|
[   22.264150] cloud-init[708]: |       . = *. .++|
[   22.266769] cloud-init[708]: |        S + oo ..|
[   22.268632] cloud-init[708]: |       + o B.o   |
[   22.270332] cloud-init[708]: |      .   + = .  |
[   22.280480] cloud-init[708]: |         . =.=   |
[   22.282696] cloud-init[708]: |          +o+ .  |
[   22.284189] cloud-init[708]: +----[SHA256]-----+
[   22.285825] cloud-init[708]: Generating public/private ecdsa key pair.
[   22.288537] cloud-init[708]: Your identification has been saved in /etc/ssh/ssh_host_ecdsa_key.
[   22.291976] cloud-init[708]: Your public key has been saved in /etc/ssh/ssh_host_ecdsa_key.pub.
[   22.293940] cloud-init[708]: The key fingerprint is:
[   22.295433] cloud-init[708]: SHA256:NFgpaBmbzcM7vSf9z8kd1ZGneoDP1vqboYl13uzrZ74 root@ubuntu-bionic
[   22.298506] cloud-init[708]: The key's randomart image is:
[   22.301167] cloud-init[[0;32m  OK  [0m] Started Initial cloud-init job (metadata service crawler).
[[0;32m  OK  [0m] Reached target Cloud-config availability.
[[0;32m  OK  [0m] Reached target Network is Online.
[708]: +---[ECDSA 256]---+
[   22.320958] cloud-init[708]: |    .+  ..       |
         Starting Availability of block devices...
[[0;32m  OK  [0m] Reached target Remote File Systems (Pre).
[[0;32m  OK  [0m] Reached target Remote File Systems.
[[0;32m  OK  [0m] Reached target System Initialization.
[   22.348931] cloud-init[708]: |    +*.o.       .|
[[0;32m  OK  [0m] Started ACPI Events Check.
[   22.361713] cloud-init[708]: |   .o *.o      o.|
         Starting Socket activation for snappy daemon.
[   22.365484] cloud-init[708]: |       = . .   .+|
         Starting LXD - unix socket.
[   22.383086] cloud-init[708]: [[0;32m  OK  [0m] Started Discard unused blocks once a week.
[[0;32m  OK  [0m] Started Message of the Day.
[[0;32m  OK  [0m] Listening on Open-iSCSI iscsid Socket.
[[0;32m  OK  [0m] Listening on UUID daemon activation socket.
[[0;32m  OK  [0m] Reached target Paths.
[[0;32m  OK  [0m] Started Daily Cleanup of Temporary Directories.
[[0;32m  OK  [0m] Listening on D-Bus System Message Bus Socket.
[[0;32m  OK  [0m] Listening on ACPID Listen Socket.
[[0;32m  OK  [0m] Started Daily apt download activities.
[[0;32m  OK  [0m] Started Daily apt upgrade and clean activities.
|      o S . . . o|
[[0;32m  OK  [0m] Reached target Timers.
[   22.401192] cloud-init[708]: |       . o o +  .|
[[0;32m  OK  [0m] Started Availability of block devices.
[   22.403495] [[0;32m  OK  [0m] Listening on Socket activation for snappy daemon.
[[0;32m  OK  [0m] Listening on LXD - unix socket.
[[0;32m  OK  [0m] Reached target Sockets.
[[0;32m  OK  [0m] Reached target Basic System.
[[0;32m  OK  [0m] Started irqbalance daemon.
cloud-init[708]: |        o o * =. |[[0;32m  OK  [0m] Started Deferred execution scheduler.
[[0;32m  OK  [0m] Started FUSE filesystem for LXC.

[   22.437168] cloud-init[708]: |         o = X B+|
[   22.449454] cloud-init[708]: |          . =o@EX|         Starting Dispatcher daemon for systemd-networkd...

[[0;32m  OK  [0m] Started D-Bus System Message Bus.
[   22.460484] cloud-init[708]: +----[SHA256]-----+
[   22.477837] cloud-init[708]: Generating public/private ed25519 key pair.
[   22.484920] cloud-init[708]: Your identification has been saved in /etc/ssh/ssh_host_ed25519_key.
[   22.488666] cloud-init[708]: Your public key has been saved in /etc/ssh/ssh_host_ed25519_key.pub.
[   22.495659] cloud-init[708]: The key fingerprint is:
[   22.501324] cloud-init[708]: SHA256:QvcLZvgAd2rqyQjZgeWiTce7+TTC3gH9zSEeQ4URpPM root@ubuntu-bionic
[   22.505880] cloud-init[708]: The key's randomart image is:
[   22.510315] cloud-init[708]: +--[ED25519 256]--+
[   22.512709] cloud-init[708]: |       .++.      |
[   22.516846] cloud-init[708]: |       ...       |
[   22.532696] cloud-init[708]:          Starting LSB: automatic crash report generation...
|  . . = +        |
[   22.538280] cloud-init[708]: | + . = O .       |
[   22.541454] cloud-init[708]: |o + + B E o      |
[   22.545662] cloud-init[708]: |.* + = O B o     |
[   22.549844] cloud-init[708]: |+ o = + + +      |
[   22.552099] cloud-init[708]: | . = B o         |
[[0;32m  OK  [0m] Started Regular background program processing daemon.
[   22.559297] cloud-init[708]: |  . B.o          |         Starting System Logging Service...

         Starting LXD - container startup/shutdown...
[   22.572134] cloud-init[708]: +----[SHA256]-----+
         Starting Pollinate to seed the pseudo random number generator...
         Starting Accounts Service...
         Starting Login Service...
         Starting LSB: Record successful boot for GRUB...
         Starting Permit User Sessions...
         Starting Virtualbox guest utils...
         Starting Snappy daemon...
[[0;32m  OK  [0m] Started System Logging Service.
[[0;32m  OK  [0m] Started Permit User Sessions.
         Starting Terminate Plymouth Boot Screen...
         Starting Hold until boot process finishes up...
[[0;32m  OK  [0m] Started Hold until boot process finishes up.
[[0;32m  OK  [0m] Started Terminate Plymouth Boot Screen.
         Starting Set console scheme...
[[0;32m  OK  [0m] Started Serial Getty on ttyS0.
[[0;32m  OK  [0m] Started Set console scheme.
[[0;32m  OK  [0m] Created slice system-getty.slice.
[[0;32m  OK  [0m] Started Getty on tty1.
[[0;32m  OK  [0m] Reached target Login Prompts.
[[0;32m  OK  [0m] Started Login Service.
[[0;32m  OK  [0m] Started Unattended Upgrades Shutdown.
         Starting Authorization Manager...
[[0;32m  OK  [0m] Started LSB: automatic crash report generation.
[[0;32m  OK  [0m] Started LSB: Record successful boot for GRUB.
[[0;32m  OK  [0m] Started Authorization Manager.
[[0;32m  OK  [0m] Started Accounts Service.
[[0;32m  OK  [0m] Started LXD - container startup/shutdown.
[[0;32m  OK  [0m] Started Virtualbox guest utils.
[[0;32m  OK  [0m] Started Dispatcher daemon for systemd-networkd.
[[0;32m  OK  [0m] Started Snappy daemon.
         Starting Wait until snapd is fully seeded...
[[0;32m  OK  [0m] Started Pollinate to seed the pseudo random number generator.
         Starting OpenBSD Secure Shell server...
[[0;32m  OK  [0m] Started OpenBSD Secure Shell server.
[[0;32m  OK  [0m] Started Wait until snapd is fully seeded.
         Starting Apply the settings specified in cloud-config...
[[0;32m  OK  [0m] Reached target Multi-User System.
[[0;32m  OK  [0m] Reached target Graphical Interface.
         Starting Update UTMP about System Runlevel Changes...
[[0;32m  OK  [0m] Started Update UTMP about System Runlevel Changes.
[[0;32m  OK  [0m] Created slice User Slice of vagrant.
         Starting User Manager for UID 1000...
[[0;32m  OK  [0m] Started Session 1 of user vagrant.
[[0;32m  OK  [0m] Started User Manager for UID 1000.

Ubuntu 18.04.2 LTS ubuntu-bionic ttyS0

ubuntu-bionic login: [   29.912826] cloud-init[1069]: Cloud-init v. 19.1-1-gbaa47854-0ubuntu1~18.04.1 running 'modules:config' at Tue, 04 Jun 2019 11:46:53 +0000. Up 28.75 seconds.
ci-info: no authorized ssh keys fingerprints found for user ubuntu.
<14>Jun  4 11:46:56 ec2: 
<14>Jun  4 11:46:56 ec2: #############################################################
<14>Jun  4 11:46:56 ec2: -----BEGIN SSH HOST KEY FINGERPRINTS-----
<14>Jun  4 11:46:56 ec2: 1024 SHA256:k5/eCSUPP3raDQ3EgZfCv9VtRLBPgiwh4UMYb2taXXI root@ubuntu-bionic (DSA)
<14>Jun  4 11:46:56 ec2: 256 SHA256:NFgpaBmbzcM7vSf9z8kd1ZGneoDP1vqboYl13uzrZ74 root@ubuntu-bionic (ECDSA)
<14>Jun  4 11:46:56 ec2: 256 SHA256:QvcLZvgAd2rqyQjZgeWiTce7+TTC3gH9zSEeQ4URpPM root@ubuntu-bionic (ED25519)
<14>Jun  4 11:46:56 ec2: 2048 SHA256:XbyYfnfc4nm+AAvsK1uB/WYsVA6kg+ufQKJaKN7ziJg root@ubuntu-bionic (RSA)
<14>Jun  4 11:46:56 ec2: -----END SSH HOST KEY FINGERPRINTS-----
<14>Jun  4 11:46:56 ec2: #############################################################
-----BEGIN SSH HOST KEY KEYS-----
ecdsa-sha2-nistp256 AAAAE2VjZHNhLXNoYTItbmlzdHAyNTYAAAAIbmlzdHAyNTYAAABBBFOIOZwOv5og6BInYmSg1YiCGlbR8mUqbqtkY3ixarkdaxLQ6O/SbuyJq6baGbnwrj0Uj8Sv99xTLr/A9yKpM4A= root@ubuntu-bionic
ssh-ed25519 AAAAC3NzaC1lZDI1NTE5AAAAIB0PD9Owj9DeW98DGwR+7nRXqDPtfpr2G0+6q1HO9xXQ root@ubuntu-bionic
ssh-rsa AAAAB3NzaC1yc2EAAAADAQABAAABAQDFD4GtxzZobGcvOi0y/B43nScNEndV/IP1hbZNPl7nejahJ2eXv+YzONwkzDm24688WgfG5z6dWXjYYFMg9cQ0L8S9OWET+hnJERspEcseRmk4N9nlXazVMn97OPatiF/lLTmanoYxXa6zn9mQ4/Uw/6Oc82d9BwA4wGTMzfZ7pHRelQqXtANxdj1j3t+x5KjXcmNgxNzSX6+8TdaTg3CZuaI/HClyZ6JD3buyBVOr7M0O/WxHW2djDNX3TLBgiZIRM+3C7Wg5cgUW4SZnjw8ZPajKyQFMW1AfrjxxjquJOwPLOo8LuG6CEfaqo9gAftTESeL/opvekml6p08wXeep root@ubuntu-bionic
-----END SSH HOST KEY KEYS-----
[   32.012258] cloud-init[1200]: Cloud-init v. 19.1-1-gbaa47854-0ubuntu1~18.04.1 running 'modules:final' at Tue, 04 Jun 2019 11:46:56 +0000. Up 31.41 seconds.
[   32.025158] cloud-init[1200]: ci-info: no authorized ssh keys fingerprints found for user ubuntu.
[   32.028124] cloud-init[1200]: Cloud-init v. 19.1-1-gbaa47854-0ubuntu1~18.04.1 finished at Tue, 04 Jun 2019 11:46:56 +0000. Datasource DataSourceNoCloud [seed=/dev/sdb][dsmode=net].  Up 31.97 seconds
